<?xml version="1.0" encoding="UTF-8"?>
<!-- Generated by org.testng.reporters.JUnitReportReporter -->
<testsuite hostname="sathish" failures="0" tests="5" name="TestCases.OpeningPageTestcases" time="58.740" errors="1" timestamp="2024-08-06T18:45:32 IST" skipped="0">
  <testcase classname="TestCases.OpeningPageTestcases" name="TC_5_To_Validate_the_navigation_to_SignIn_screen_both_forward_and_backward_direction" time="20.377"/>
  <testcase classname="TestCases.OpeningPageTestcases" name="TC_4_To_Validate_the_navigation_to_Create_Account_screen_both_forward_and_backward_direction" time="4.708"/>
  <testcase classname="TestCases.OpeningPageTestcases" name="TC_6_To_Validate_the_navigation_to_Terms_And_Conditions_screen_both_forward_and_backward_direction" time="3.520"/>
  <testcase classname="TestCases.OpeningPageTestcases" name="TC_3_Validate_whether_functions_and_buttons_is_Clickable" time="0.315"/>
  <testcase classname="TestCases.OpeningPageTestcases" name="TC_8_To_Validate_whether_able_to_navigate_out_And_Open_the_App_Again" time="29.820">
    <error message="The element &#039;By.xpath: //android.widget.ImageView[@content-desc=&quot;BChat Messenger&quot;]&#039; does not exist in DOM anymore
For documentation on this error, please visit: https://www.selenium.dev/documentation/webdriver/troubleshooting/errors#stale-element-reference-exception
Build info: version: &#039;4.23.0&#039;, revision: &#039;4df0a231af&#039;
System info: os.name: &#039;Windows 11&#039;, os.arch: &#039;amd64&#039;, os.version: &#039;10.0&#039;, java.version: &#039;21.0.3&#039;
Driver info: io.appium.java_client.android.AndroidDriver
Command: [39ca7817-4fa6-4235-8756-d2164a1ec325, clickElement {id=00000000-0000-0b02-ffff-ffff00003e2f}]
Capabilities {appium:app: C:\Users\satbi\eclipse-work..., appium:appActivity: io.beldex.bchat.RoutingActi..., appium:appPackage: io.beldex.bchat, appium:automationName: UiAutomator2, appium:databaseEnabled: false, appium:desired: {app: C:\Users\satbi\eclipse-work..., appActivity: io.beldex.bchat.RoutingActi..., appPackage: io.beldex.bchat, automationName: UiAutomator2, deviceName: Redmi 9i, platformName: ANDROID, platformVersion: 10, udid: BUTOZHAUWKWWTGEM}, appium:deviceApiLevel: 29, appium:deviceManufacturer: Xiaomi, appium:deviceModel: M2006C3LII, appium:deviceName: BUTOZHAUWKWWTGEM, appium:deviceScreenDensity: 320, appium:deviceScreenSize: 720x1600, appium:deviceUDID: BUTOZHAUWKWWTGEM, appium:javascriptEnabled: true, appium:locationContextEnabled: false, appium:networkConnectionEnabled: true, appium:pixelRatio: 2, appium:platformVersion: 10, appium:statBarHeight: 55, appium:takesScreenshot: true, appium:udid: BUTOZHAUWKWWTGEM, appium:viewportRect: {height: 1545, left: 0, top: 55, width: 720}, appium:warnings: {}, appium:webStorageEnabled: false, platformName: ANDROID}
Element: [[AndroidDriver:  on ANDROID (39ca7817-4fa6-4235-8756-d2164a1ec325)] -&gt; xpath: //android.widget.ImageView[@content-desc=&quot;BChat Messenger&quot;]]
Session ID: 39ca7817-4fa6-4235-8756-d2164a1ec325" type="org.openqa.selenium.StaleElementReferenceException">
      <![CDATA[org.openqa.selenium.StaleElementReferenceException: The element 'By.xpath: //android.widget.ImageView[@content-desc="BChat Messenger"]' does not exist in DOM anymore
For documentation on this error, please visit: https://www.selenium.dev/documentation/webdriver/troubleshooting/errors#stale-element-reference-exception
Build info: version: '4.23.0', revision: '4df0a231af'
System info: os.name: 'Windows 11', os.arch: 'amd64', os.version: '10.0', java.version: '21.0.3'
Driver info: io.appium.java_client.android.AndroidDriver
Command: [39ca7817-4fa6-4235-8756-d2164a1ec325, clickElement {id=00000000-0000-0b02-ffff-ffff00003e2f}]
Capabilities {appium:app: C:\Users\satbi\eclipse-work..., appium:appActivity: io.beldex.bchat.RoutingActi..., appium:appPackage: io.beldex.bchat, appium:automationName: UiAutomator2, appium:databaseEnabled: false, appium:desired: {app: C:\Users\satbi\eclipse-work..., appActivity: io.beldex.bchat.RoutingActi..., appPackage: io.beldex.bchat, automationName: UiAutomator2, deviceName: Redmi 9i, platformName: ANDROID, platformVersion: 10, udid: BUTOZHAUWKWWTGEM}, appium:deviceApiLevel: 29, appium:deviceManufacturer: Xiaomi, appium:deviceModel: M2006C3LII, appium:deviceName: BUTOZHAUWKWWTGEM, appium:deviceScreenDensity: 320, appium:deviceScreenSize: 720x1600, appium:deviceUDID: BUTOZHAUWKWWTGEM, appium:javascriptEnabled: true, appium:locationContextEnabled: false, appium:networkConnectionEnabled: true, appium:pixelRatio: 2, appium:platformVersion: 10, appium:statBarHeight: 55, appium:takesScreenshot: true, appium:udid: BUTOZHAUWKWWTGEM, appium:viewportRect: {height: 1545, left: 0, top: 55, width: 720}, appium:warnings: {}, appium:webStorageEnabled: false, platformName: ANDROID}
Element: [[AndroidDriver:  on ANDROID (39ca7817-4fa6-4235-8756-d2164a1ec325)] -> xpath: //android.widget.ImageView[@content-desc="BChat Messenger"]]
Session ID: 39ca7817-4fa6-4235-8756-d2164a1ec325
at java.base/jdk.internal.reflect.DirectConstructorHandleAccessor.newInstance(DirectConstructorHandleAccessor.java:62)
at java.base/java.lang.reflect.Constructor.newInstanceWithCaller(Constructor.java:502)
at java.base/java.lang.reflect.Constructor.newInstance(Constructor.java:486)
at org.openqa.selenium.remote.ErrorCodec.decode(ErrorCodec.java:167)
at org.openqa.selenium.remote.codec.w3c.W3CHttpResponseCodec.decode(W3CHttpResponseCodec.java:138)
at org.openqa.selenium.remote.codec.w3c.W3CHttpResponseCodec.decode(W3CHttpResponseCodec.java:50)
at org.openqa.selenium.remote.HttpCommandExecutor.execute(HttpCommandExecutor.java:190)
at io.appium.java_client.remote.AppiumCommandExecutor.execute(AppiumCommandExecutor.java:237)
at org.openqa.selenium.remote.RemoteWebDriver.execute(RemoteWebDriver.java:527)
at org.openqa.selenium.remote.RemoteWebElement.execute(RemoteWebElement.java:223)
at org.openqa.selenium.remote.RemoteWebElement.click(RemoteWebElement.java:76)
at java.base/jdk.internal.reflect.DirectMethodHandleAccessor.invoke(DirectMethodHandleAccessor.java:103)
at java.base/java.lang.reflect.Method.invoke(Method.java:580)
at io.appium.java_client.pagefactory.ElementInterceptor.getObject(ElementInterceptor.java:42)
at io.appium.java_client.pagefactory.interceptors.InterceptorOfASingleElement.call(InterceptorOfASingleElement.java:79)
at io.appium.java_client.proxy.Interceptor.intercept(Interceptor.java:78)
at org.openqa.selenium.remote.RemoteWebElement$ByteBuddy$dLB5IcH0.click(Unknown Source)
at POM.OpeningPage.openApp(OpeningPage.java:106)
at TestCases.OpeningPageTestcases.TC_8_To_Validate_whether_able_to_navigate_out_And_Open_the_App_Again(OpeningPageTestcases.java:72)
at java.base/jdk.internal.reflect.DirectMethodHandleAccessor.invoke(DirectMethodHandleAccessor.java:103)
at java.base/java.lang.reflect.Method.invoke(Method.java:580)
at org.testng.internal.invokers.MethodInvocationHelper.invokeMethod(MethodInvocationHelper.java:141)
at org.testng.internal.invokers.TestInvoker.invokeMethod(TestInvoker.java:686)
at org.testng.internal.invokers.TestInvoker.invokeTestMethod(TestInvoker.java:230)
at org.testng.internal.invokers.MethodRunner.runInSequence(MethodRunner.java:63)
at org.testng.internal.invokers.TestInvoker$MethodInvocationAgent.invoke(TestInvoker.java:992)
at org.testng.internal.invokers.TestInvoker.invokeTestMethods(TestInvoker.java:203)
at org.testng.internal.invokers.TestMethodWorker.invokeTestMethods(TestMethodWorker.java:154)
at org.testng.internal.invokers.TestMethodWorker.run(TestMethodWorker.java:134)
at java.base/java.util.ArrayList.forEach(ArrayList.java:1596)
at org.testng.TestRunner.privateRun(TestRunner.java:739)
at org.testng.TestRunner.run(TestRunner.java:614)
at org.testng.SuiteRunner.runTest(SuiteRunner.java:421)
at org.testng.SuiteRunner.runSequentially(SuiteRunner.java:413)
at org.testng.SuiteRunner.privateRun(SuiteRunner.java:373)
at org.testng.SuiteRunner.run(SuiteRunner.java:312)
at org.testng.SuiteRunnerWorker.runSuite(SuiteRunnerWorker.java:52)
at org.testng.SuiteRunnerWorker.run(SuiteRunnerWorker.java:95)
at org.testng.TestNG.runSuitesSequentially(TestNG.java:1274)
at org.testng.TestNG.runSuitesLocally(TestNG.java:1208)
at org.testng.TestNG.runSuites(TestNG.java:1112)
at org.testng.TestNG.run(TestNG.java:1079)
at org.testng.remote.AbstractRemoteTestNG.run(AbstractRemoteTestNG.java:115)
at org.testng.remote.RemoteTestNG.initAndRun(RemoteTestNG.java:293)
at org.testng.remote.RemoteTestNG.main(RemoteTestNG.java:91)
]]>
    </error>
  </testcase> <!-- TC_8_To_Validate_whether_able_to_navigate_out_And_Open_the_App_Again -->
</testsuite> <!-- TestCases.OpeningPageTestcases -->
