<?xml version="1.0" encoding="UTF-8"?>
<!-- Generated by org.testng.reporters.JUnitReportReporter -->
<testsuite hostname="sathish" failures="1" tests="11" name="AutomationTesting.BchatApp.Restore_Flow_RestoreFromSeedScreen_TestCases" time="132.428" errors="0" timestamp="2024-08-12T15:37:40 IST" skipped="0">
  <testcase classname="AutomationTesting.BchatApp.Restore_Flow_RestoreFromSeedScreen_TestCases" name="preSetup" time="6.871"/>
  <testcase classname="AutomationTesting.BchatApp.Restore_Flow_RestoreFromSeedScreen_TestCases" name="TC_110_To_Validate_the_working_of_the_restore_option_with_valid_datas_display_name_and_valid_blockheight" time="17.128"/>
  <testcase classname="AutomationTesting.BchatApp.Restore_Flow_RestoreFromSeedScreen_TestCases" name="TC_110_To_Validate_the_working_of_the_restore_option_with_valid_datas_display_name_and_valid_blockheight" time="18.452"/>
  <testcase classname="AutomationTesting.BchatApp.Restore_Flow_RestoreFromSeedScreen_TestCases" name="TC_110_To_Validate_the_working_of_the_restore_option_with_valid_datas_display_name_and_valid_blockheight" time="16.028"/>
  <testcase classname="AutomationTesting.BchatApp.Restore_Flow_RestoreFromSeedScreen_TestCases" name="TC_110_To_Validate_the_working_of_the_restore_option_with_valid_datas_display_name_and_valid_blockheight" time="15.246"/>
  <testcase classname="AutomationTesting.BchatApp.Restore_Flow_RestoreFromSeedScreen_TestCases" name="TC_110_To_Validate_the_working_of_the_restore_option_with_valid_datas_display_name_and_valid_blockheight" time="17.183"/>
  <testcase classname="AutomationTesting.BchatApp.Restore_Flow_RestoreFromSeedScreen_TestCases" name="TC_117_To_Validate_whether_able_to_select_the_future_date_in_restore_from_date_calendar" time="1.822"/>
  <testcase classname="AutomationTesting.BchatApp.Restore_Flow_RestoreFromSeedScreen_TestCases" name="TC_122_To_Validate_DisplayName_With_Above_Boundary_Value" time="4.709"/>
  <testcase classname="AutomationTesting.BchatApp.Restore_Flow_RestoreFromSeedScreen_TestCases" name="TC_120_To_Validate_whether_able_to_paste_Alphabets_Values_in_blockheight_textbox" time="5.941">
    <failure message="Able to paste invalid datas expected [true] but found [false]" type="java.lang.AssertionError">
      <![CDATA[java.lang.AssertionError: Able to paste invalid datas expected [true] but found [false]
at org.testng.Assert.fail(Assert.java:111)
at org.testng.Assert.failNotEquals(Assert.java:1578)
at org.testng.Assert.assertTrue(Assert.java:57)
at AutomationTesting.BchatApp.Restore_Flow_RestoreFromSeedScreen_TestCases.TC_120_To_Validate_whether_able_to_paste_Alphabets_Values_in_blockheight_textbox(Restore_Flow_RestoreFromSeedScreen_TestCases.java:267)
at java.base/jdk.internal.reflect.DirectMethodHandleAccessor.invoke(DirectMethodHandleAccessor.java:103)
at java.base/java.lang.reflect.Method.invoke(Method.java:580)
at org.testng.internal.invokers.MethodInvocationHelper.invokeMethod(MethodInvocationHelper.java:141)
at org.testng.internal.invokers.TestInvoker.invokeMethod(TestInvoker.java:686)
at org.testng.internal.invokers.TestInvoker.invokeTestMethod(TestInvoker.java:230)
at org.testng.internal.invokers.MethodRunner.runInSequence(MethodRunner.java:63)
at org.testng.internal.invokers.TestInvoker$MethodInvocationAgent.invoke(TestInvoker.java:992)
at org.testng.internal.invokers.TestInvoker.invokeTestMethods(TestInvoker.java:203)
at org.testng.internal.invokers.TestMethodWorker.invokeTestMethods(TestMethodWorker.java:154)
at org.testng.internal.invokers.TestMethodWorker.run(TestMethodWorker.java:134)
at java.base/java.util.ArrayList.forEach(ArrayList.java:1596)
at org.testng.TestRunner.privateRun(TestRunner.java:739)
at org.testng.TestRunner.run(TestRunner.java:614)
at org.testng.SuiteRunner.runTest(SuiteRunner.java:421)
at org.testng.SuiteRunner.runSequentially(SuiteRunner.java:413)
at org.testng.SuiteRunner.privateRun(SuiteRunner.java:373)
at org.testng.SuiteRunner.run(SuiteRunner.java:312)
at org.testng.SuiteRunnerWorker.runSuite(SuiteRunnerWorker.java:52)
at org.testng.SuiteRunnerWorker.run(SuiteRunnerWorker.java:95)
at org.testng.TestNG.runSuitesSequentially(TestNG.java:1274)
at org.testng.TestNG.runSuitesLocally(TestNG.java:1208)
at org.testng.TestNG.runSuites(TestNG.java:1112)
at org.testng.TestNG.run(TestNG.java:1079)
at org.testng.remote.AbstractRemoteTestNG.run(AbstractRemoteTestNG.java:115)
at org.testng.remote.RemoteTestNG.initAndRun(RemoteTestNG.java:293)
at org.testng.remote.RemoteTestNG.main(RemoteTestNG.java:91)
]]>
    </failure>
  </testcase> <!-- TC_120_To_Validate_whether_able_to_paste_Alphabets_Values_in_blockheight_textbox -->
  <testcase classname="AutomationTesting.BchatApp.Restore_Flow_RestoreFromSeedScreen_TestCases" name="TC_119_To_validate_the_working_of_the_restore_option_by_paste_values_in_textboxes" time="18.829"/>
  <testcase classname="AutomationTesting.BchatApp.Restore_Flow_RestoreFromSeedScreen_TestCases" name="TC_TO_validate_Navigation_To_home_with_Valid_Password" time="10.219"/>
</testsuite> <!-- AutomationTesting.BchatApp.Restore_Flow_RestoreFromSeedScreen_TestCases -->
